<?xml version="1.0" encoding="UTF-8"?>
<!-- Generated by org.testng.reporters.JUnitReportReporter -->
<testsuite hostname="LAPTOP-2B9BFCAM" failures="0" tests="1" name="com.crm.TestCase.ParameterTest" time="0.008" errors="0" timestamp="2022-03-23T14:23:19 IST" skipped="0">
  <testcase classname="com.crm.TestCase.ParameterTest" name="getData" time="0.008"/>
  <system-out/>
</testsuite> <!-- com.crm.TestCase.ParameterTest -->
